This is XeTeX, Version 3.1415926-2.4-0.9998 (TeX Live 2012/W32TeX) (format=xelatex 2013.2.24)  23 MAY 2013 09:02
entering extended mode
 restricted \write18 enabled.
 %&-line parsing enabled.
**mollana-cheatsheet.tex
(./mollana-cheatsheet.tex
LaTeX2e <2011/06/27>
Babel <v3.8m> and hyphenation patterns for english, dumylang, nohyphenation, af
rikaans, arabic, armenian, coptic, ukenglish, usenglishmax, esperanto, estonian
, farsi, friulan, icelandic, indonesian, interlingua, irish, kurmanji, romanian
, romansh, serbian, serbianc, slovenian, turkish, uppersorbian, welsh, loaded.
(e:/texlive/texmf-dist/tex/latex/base/article.cls
Document Class: article 2007/10/19 v1.4h Standard LaTeX document class
(e:/texlive/texmf-dist/tex/latex/base/size10.clo
File: size10.clo 2007/10/19 v1.4h Standard LaTeX file (size option)
)
\c@part=\count80
\c@section=\count81
\c@subsection=\count82
\c@subsubsection=\count83
\c@paragraph=\count84
\c@subparagraph=\count85
\c@figure=\count86
\c@table=\count87
\abovecaptionskip=\skip41
\belowcaptionskip=\skip42
\bibindent=\dimen102
)
(e:/texlive/texmf-dist/tex/latex/geometry/geometry.sty
Package: geometry 2010/09/12 v5.6 Page Geometry

(e:/texlive/texmf-dist/tex/latex/graphics/keyval.sty
Package: keyval 1999/03/16 v1.13 key=value parser (DPC)
\KV@toks@=\toks14
)
(e:/texlive/texmf-dist/tex/generic/oberdiek/ifpdf.sty
Package: ifpdf 2011/01/30 v2.3 Provides the ifpdf switch (HO)
Package ifpdf Info: pdfTeX in PDF mode is not detected.
)
(e:/texlive/texmf-dist/tex/generic/oberdiek/ifvtex.sty
Package: ifvtex 2010/03/01 v1.5 Detect VTeX and its facilities (HO)
Package ifvtex Info: VTeX not detected.
)
(e:/texlive/texmf-dist/tex/generic/ifxetex/ifxetex.sty
Package: ifxetex 2010/09/12 v0.6 Provides ifxetex conditional
)
\Gm@cnth=\count88
\Gm@cntv=\count89
\c@Gm@tempcnt=\count90
\Gm@bindingoffset=\dimen103
\Gm@wd@mp=\dimen104
\Gm@odd@mp=\dimen105
\Gm@even@mp=\dimen106
\Gm@layoutwidth=\dimen107
\Gm@layoutheight=\dimen108
\Gm@layouthoffset=\dimen109
\Gm@layoutvoffset=\dimen110
\Gm@dimlist=\toks15
)
(e:/texlive/texmf-dist/tex/latex/tools/array.sty
Package: array 2008/09/09 v2.4c Tabular extension package (FMi)
\col@sep=\dimen111
\extrarowheight=\dimen112
\NC@list=\toks16
\extratabsurround=\skip43
\backup@length=\skip44
)
(e:/texlive/texmf-dist/tex/latex/xtab/xtab.sty
Package: xtab 2011/07/31 v2.3f Extended supertabular package
\c@tracingst=\count91
\PWSTcapht=\dimen113
\ST@wd=\dimen114
\ST@rightskip=\skip45
\ST@leftskip=\skip46
\ST@parfillskip=\skip47
\c@PWSTtable=\count92
\PWSTlastpage=\count93
\PWSTpenultimate=\count94
\PWSTcurpage=\count95
\PWSTtempc=\count96
\PWSTlines=\count97
\PWST@lastht=\dimen115
\PWST@generalht=\dimen116
\PWST@ht=\dimen117
\ST@pageleft=\dimen118
\ST@headht=\dimen119
\ST@tailht=\dimen120
\ST@pagesofar=\dimen121
\ST@pboxht=\dimen122
\ST@lineht=\dimen123
\ST@stretchht=\dimen124
\ST@prevht=\dimen125
\ST@toadd=\dimen126
\ST@dimen=\dimen127
\ST@pbox=\box26
)
(e:/texlive/texmf-dist/tex/latex/titlesec/titlesec.sty
Package: titlesec 2011/12/15 v2.10.0 Sectioning titles
\ttl@box=\box27
\beforetitleunit=\skip48
\aftertitleunit=\skip49
\ttl@plus=\dimen128
\ttl@minus=\dimen129
\ttl@toksa=\toks17
\titlewidth=\dimen130
\titlewidthlast=\dimen131
\titlewidthfirst=\dimen132
)
(e:/texlive/texmf-dist/tex/xelatex/arabxetex/arabxetex.sty
Package: arabxetex 2010/03/04 v1.1.4 ArabTeX-like interface for XeLaTeX

(e:/texlive/texmf-dist/tex/latex/amsmath/amsmath.sty
Package: amsmath 2000/07/18 v2.13 AMS math features
\@mathmargin=\skip50

For additional information on amsmath, use the `?' option.
(e:/texlive/texmf-dist/tex/latex/amsmath/amstext.sty
Package: amstext 2000/06/29 v2.01

(e:/texlive/texmf-dist/tex/latex/amsmath/amsgen.sty
File: amsgen.sty 1999/11/30 v2.0
\@emptytoks=\toks18
\ex@=\dimen133
))
(e:/texlive/texmf-dist/tex/latex/amsmath/amsbsy.sty
Package: amsbsy 1999/11/29 v1.2d
\pmbraise@=\dimen134
)
(e:/texlive/texmf-dist/tex/latex/amsmath/amsopn.sty
Package: amsopn 1999/12/14 v2.01 operator names
)
\inf@bad=\count98
LaTeX Info: Redefining \frac on input line 211.
\uproot@=\count99
\leftroot@=\count100
LaTeX Info: Redefining \overline on input line 307.
\classnum@=\count101
\DOTSCASE@=\count102
LaTeX Info: Redefining \ldots on input line 379.
LaTeX Info: Redefining \dots on input line 382.
LaTeX Info: Redefining \cdots on input line 467.
\Mathstrutbox@=\box28
\strutbox@=\box29
\big@size=\dimen135
LaTeX Font Info:    Redeclaring font encoding OML on input line 567.
LaTeX Font Info:    Redeclaring font encoding OMS on input line 568.
\macc@depth=\count103
\c@MaxMatrixCols=\count104
\dotsspace@=\muskip10
\c@parentequation=\count105
\dspbrk@lvl=\count106
\tag@help=\toks19
\row@=\count107
\column@=\count108
\maxfields@=\count109
\andhelp@=\toks20
\eqnshift@=\dimen136
\alignsep@=\dimen137
\tagshift@=\dimen138
\tagwidth@=\dimen139
\totwidth@=\dimen140
\lineht@=\dimen141
\@envbody=\toks21
\multlinegap=\skip51
\multlinetaggap=\skip52
\mathdisplay@stack=\toks22
LaTeX Info: Redefining \[ on input line 2666.
LaTeX Info: Redefining \] on input line 2667.
)
(e:/texlive/texmf-dist/tex/latex/fontspec/fontspec.sty
Package: fontspec 2012/05/06 v2.2b Advanced font selection for XeLaTeX/LuaLaTeX


(e:/texlive/texmf-dist/tex/latex/l3kernel/expl3.sty
(e:/texlive/texmf-dist/tex/latex/l3kernel/l3names.sty
(e:/texlive/texmf-dist/tex/latex/l3kernel/l3bootstrap.sty
Package: l3bootstrap 2011/12/29 v3110 L3 Experimental bootstrap code
)
Package: l3names 2012/03/04 v3494 L3 Experimental namespace for primitives
)
(e:/texlive/texmf-dist/tex/latex/etex-pkg/etex.sty
Package: etex 1998/03/26 v2.0 eTeX basic definition package (PEB)
\et@xins=\count110
)
Package: expl3 2012/04/23 v3570 L3 Experimental code bundle wrapper

(e:/texlive/texmf-dist/tex/latex/graphics/color.sty
Package: color 2005/11/14 v1.0j Standard LaTeX Color (DPC)

(e:/texlive/texmf-dist/tex/latex/latexconfig/color.cfg
File: color.cfg 2007/01/18 v1.5 color configuration of teTeX/TeXLive
)
Package color Info: Driver file: xetex.def on input line 130.

(e:/texlive/texmf-dist/tex/xelatex/xetex-def/xetex.def
File: xetex.def 2009/11/22 v0.94 LaTeX color/graphics driver for XeTeX (RRM/JK)

))
(e:/texlive/texmf-dist/tex/latex/graphics/graphics.sty
Package: graphics 2009/02/05 v1.0o Standard LaTeX Graphics (DPC,SPQR)

(e:/texlive/texmf-dist/tex/latex/graphics/trig.sty
Package: trig 1999/03/16 v1.09 sin cos tan (DPC)
)
(e:/texlive/texmf-dist/tex/latex/latexconfig/graphics.cfg
File: graphics.cfg 2010/04/23 v1.9 graphics configuration of TeX Live
)
Package graphics Info: Driver file: xetex.def on input line 91.
)
(e:/texlive/texmf-dist/tex/latex/l3kernel/l3basics.sty
Package: l3basics 2012/03/04 v3491 L3 Experimental basic definitions
)
(e:/texlive/texmf-dist/tex/latex/l3kernel/l3expan.sty
Package: l3expan 2012/02/26 v3460 L3 Experimental argument expansion
)
(e:/texlive/texmf-dist/tex/latex/l3kernel/l3tl.sty
Package: l3tl 2012/03/04 v3490 L3 Experimental token lists
)
(e:/texlive/texmf-dist/tex/latex/l3kernel/l3seq.sty
Package: l3seq 2012/03/04 v3490 L3 Experimental sequences and stacks
)
(e:/texlive/texmf-dist/tex/latex/l3kernel/l3int.sty
Package: l3int 2012/03/04 v3490 L3 Experimental integers
\c_max_int=\count111
\l_tmpa_int=\count112
\l_tmpb_int=\count113
\l_tmpc_int=\count114
\g_tmpa_int=\count115
\g_tmpb_int=\count116
)
(e:/texlive/texmf-dist/tex/latex/l3kernel/l3quark.sty
Package: l3quark 2012/02/12 v3384 L3 Experimental quarks
)
(e:/texlive/texmf-dist/tex/latex/l3kernel/l3prg.sty
Package: l3prg 2012/03/04 v3490 L3 Experimental control structures
\g_prg_map_int=\count117
)
(e:/texlive/texmf-dist/tex/latex/l3kernel/l3clist.sty
Package: l3clist 2012/03/04 v3490 L3 Experimental comma separated lists
)
(e:/texlive/texmf-dist/tex/latex/l3kernel/l3token.sty
Package: l3token 2012/03/04 v3491 L3 Experimental token manipulation
)
(e:/texlive/texmf-dist/tex/latex/l3kernel/l3prop.sty
Package: l3prop 2012/03/04 v3490 L3 Experimental property lists
)
(e:/texlive/texmf-dist/tex/latex/l3kernel/l3msg.sty
Package: l3msg 2012/04/23 v3568 L3 Experimental messages
)
(e:/texlive/texmf-dist/tex/latex/l3kernel/l3file.sty
Package: l3file 2012/03/09 v3520 L3 Experimental file and I/O operations
\l_iow_stream_int=\count118
\l_iow_line_length_int=\count119
\l_iow_target_length_int=\count120
\l_iow_current_line_int=\count121
\l_iow_current_word_int=\count122
\l_iow_current_indentation_int=\count123
)
(e:/texlive/texmf-dist/tex/latex/l3kernel/l3skip.sty
Package: l3skip 2012/03/05 v3499 L3 Experimental dimensions and skips
\l_tmpa_dim=\dimen142
\l_tmpb_dim=\dimen143
\l_tmpc_dim=\dimen144
\g_tmpa_dim=\dimen145
\g_tmpb_dim=\dimen146
\l_tmpa_skip=\skip53
\l_tmpb_skip=\skip54
\l_tmpc_skip=\skip55
\g_tmpa_skip=\skip56
\g_tmpb_skip=\skip57
)
(e:/texlive/texmf-dist/tex/latex/l3kernel/l3keys.sty
Package: l3keys 2012/03/03 v3487 L3 Experimental key-value interfaces
\g_keyval_level_int=\count124
\l_keys_choice_int=\count125
)
(e:/texlive/texmf-dist/tex/latex/l3kernel/l3fp.sty
Package: l3fp 2012/03/04 v3490 L3 Experimental floating-point operations
\c_one_hundred_million=\count126
\c_five_hundred_million=\count127
\c_one_thousand_million=\count128
\c_fp_pi_by_four_decimal_int=\count129
\c_fp_pi_by_four_extended_int=\count130
\c_fp_pi_decimal_int=\count131
\c_fp_pi_extended_int=\count132
\c_fp_two_pi_decimal_int=\count133
\c_fp_two_pi_extended_int=\count134
\l_fp_count_int=\count135
\l_fp_div_offset_int=\count136
\l_fp_exp_integer_int=\count137
\l_fp_exp_decimal_int=\count138
\l_fp_exp_extended_int=\count139
\l_fp_exp_exponent_int=\count140
\l_fp_input_a_sign_int=\count141
\l_fp_input_a_integer_int=\count142
\l_fp_input_a_decimal_int=\count143
\l_fp_input_a_exponent_int=\count144
\l_fp_input_b_sign_int=\count145
\l_fp_input_b_integer_int=\count146
\l_fp_input_b_decimal_int=\count147
\l_fp_input_b_exponent_int=\count148
\l_fp_input_a_extended_int=\count149
\l_fp_input_b_extended_int=\count150
\l_fp_mul_a_i_int=\count151
\l_fp_mul_a_ii_int=\count152
\l_fp_mul_a_iii_int=\count153
\l_fp_mul_a_iv_int=\count154
\l_fp_mul_a_v_int=\count155
\l_fp_mul_a_vi_int=\count156
\l_fp_mul_b_i_int=\count157
\l_fp_mul_b_ii_int=\count158
\l_fp_mul_b_iii_int=\count159
\l_fp_mul_b_iv_int=\count160
\l_fp_mul_b_v_int=\count161
\l_fp_mul_b_vi_int=\count162
\l_fp_mul_output_int=\count163
\l_fp_output_sign_int=\count164
\l_fp_output_integer_int=\count165
\l_fp_output_decimal_int=\count166
\l_fp_output_exponent_int=\count167
\l_fp_output_extended_int=\count168
\l_fp_round_position_int=\count169
\l_fp_round_target_int=\count170
\l_fp_split_sign_int=\count171
\l_fp_internal_int=\count172
\l_fp_trig_octant_int=\count173
\l_fp_trig_sign_int=\count174
\l_fp_trig_decimal_int=\count175
\l_fp_trig_extended_int=\count176
\l_fp_internal_dim=\dimen147
\l_fp_internal_skip=\skip58
)
(e:/texlive/texmf-dist/tex/latex/l3kernel/l3box.sty
Package: l3box 2012/03/04 v3490 L3 Experimental boxes
\l_tmpb_box=\box30
\l_box_top_dim=\dimen148
\l_box_bottom_dim=\dimen149
\l_box_left_dim=\dimen150
\l_box_right_dim=\dimen151
\l_box_top_new_dim=\dimen152
\l_box_bottom_new_dim=\dimen153
\l_box_left_new_dim=\dimen154
\l_box_right_new_dim=\dimen155
\l_box_internal_box=\box31
)
(e:/texlive/texmf-dist/tex/latex/l3kernel/l3coffins.sty
Package: l3coffins 2012/03/03 v3482 L3 Experimental coffin code layer
\l_coffin_internal_box=\box32
\l_coffin_internal_dim=\dimen156
\l_coffin_offset_x_dim=\dimen157
\l_coffin_offset_y_dim=\dimen158
\l_coffin_x_dim=\dimen159
\l_coffin_y_dim=\dimen160
\l_coffin_x_prime_dim=\dimen161
\l_coffin_y_prime_dim=\dimen162
\l_coffin_Depth_dim=\dimen163
\l_coffin_Height_dim=\dimen164
\l_coffin_TotalHeight_dim=\dimen165
\l_coffin_Width_dim=\dimen166
\c_empty_coffin=\box33
\l_coffin_aligned_coffin=\box34
\l_coffin_aligned_internal_coffin=\box35
\l_coffin_bounding_shift_dim=\dimen167
\l_coffin_left_corner_dim=\dimen168
\l_coffin_right_corner_dim=\dimen169
\l_coffin_bottom_corner_dim=\dimen170
\l_coffin_top_corner_dim=\dimen171
\l_coffin_scaled_total_height_dim=\dimen172
\l_coffin_scaled_width_dim=\dimen173
\l_coffin_display_coffin=\box36
\l_coffin_display_coord_coffin=\box37
\l_coffin_display_pole_coffin=\box38
\l_coffin_display_offset_dim=\dimen174
\l_coffin_display_x_dim=\dimen175
\l_coffin_display_y_dim=\dimen176
)
(e:/texlive/texmf-dist/tex/latex/l3kernel/l3color.sty
Package: l3color 2011/09/07 v2776 L3 Experimental colour support
)
(e:/texlive/texmf-dist/tex/latex/l3kernel/l3luatex.sty
Package: l3luatex 2012/02/09 v3355 L3 Experimental LuaTeX-specific functions
\g_cctab_allocate_int=\count177
\g_cctab_stack_int=\count178
))
(e:/texlive/texmf-dist/tex/latex/l3packages/xparse/xparse.sty
Package: xparse 2012/04/23 v3570 L3 Experimental document command parser
\l_xparse_current_arg_int=\count179
\l_xparse_m_args_int=\count180
\l_xparse_mandatory_args_int=\count181
\l_xparse_processor_int=\count182
\l_xparse_v_nesting_int=\count183
)
\l_fontspec_script_int=\count184
\l_fontspec_language_int=\count185
\l_fontspec_strnum_int=\count186
\l_fontspec_tmpa_dim=\dimen177
\l_fontspec_tmpb_dim=\dimen178
\l_fontspec_tmpc_dim=\dimen179
Variant \tl_gset:cV already defined; not changing it on line 66

(e:/texlive/texmf-dist/tex/latex/fontspec/fontspec-patches.sty
Package: fontspec-patches 2012/05/06 v2.2b Advanced font selection for XeLaTeX/
LuaLaTeX

(e:/texlive/texmf-dist/tex/latex/base/fixltx2e.sty
Package: fixltx2e 2006/09/13 v1.1m fixes to LaTeX
LaTeX Info: Redefining \em on input line 420.
LaTeX Info: The control sequence `\[' is already robust on input line 471.
LaTeX Info: The control sequence `\]' is already robust on input line 472.
)
LaTeX Info: Redefining \em on input line 22.
LaTeX Info: Redefining \emph on input line 29.
LaTeX Info: Redefining \- on input line 32.

*************************************************
* LaTeX warning: "xparse/redefine-command"
* 
* Redefining document command \oldstylenums with arg. spec. 'm' on line 107.
*************************************************
.................................................
. LaTeX info: "xparse/define-command"
. 
. Defining document command \liningnums with arg. spec. 'm' on line 111.
.................................................
) (e:/texlive/texmf-dist/tex/latex/fontspec/fontspec-xetex.sty
Package: fontspec-xetex 2012/05/06 v2.2b Advanced font selection for XeLaTeX/Lu
aLaTeX

(e:/texlive/texmf-dist/tex/latex/base/fontenc.sty
Package: fontenc 2005/09/27 v1.99g Standard LaTeX package

(e:/texlive/texmf-dist/tex/latex/euenc/eu1enc.def
File: eu1enc.def 2010/05/27 v0.1h Experimental Unicode font encodings
)
LaTeX Font Info:    Try loading font information for EU1+lmr on input line 100.


(e:/texlive/texmf-dist/tex/latex/euenc/eu1lmr.fd
File: eu1lmr.fd 2009/10/30 v1.6 Font defs for Latin Modern
))
(e:/texlive/texmf-dist/tex/xelatex/xunicode/xunicode.sty
File: xunicode.sty 2011/09/09 v0.981 provides access to latin accents and many 
other characters in Unicode lower plane

(e:/texlive/texmf-dist/tex/latex/tipa/t3enc.def
File: t3enc.def 2001/12/31 T3 encoding
LaTeX Font Info:    Try loading font information for EU1+lmss on input line 357
.

(e:/texlive/texmf-dist/tex/latex/euenc/eu1lmss.fd
File: eu1lmss.fd 2009/10/30 v1.6 Font defs for Latin Modern
))
\tipaTiiicode=\count187
\tipasavetokens=\toks23
\tipachecktokens=\toks24

(e:/texlive/texmf-dist/tex/latex/graphics/graphicx.sty
Package: graphicx 1999/02/16 v1.0f Enhanced LaTeX Graphics (DPC,SPQR)
\Gin@req@height=\dimen180
\Gin@req@width=\dimen181
))
.................................................
. LaTeX info: "xparse/define-command"
. 
. Defining document command \fontspec with arg. spec. 'O{}m' on line 39.
.................................................
.................................................
. LaTeX info: "xparse/define-command"
. 
. Defining document command \setmainfont with arg. spec. 'O{}m' on line 43.
.................................................
.................................................
. LaTeX info: "xparse/define-command"
. 
. Defining document command \setsansfont with arg. spec. 'O{}m' on line 47.
.................................................
.................................................
. LaTeX info: "xparse/define-command"
. 
. Defining document command \setmonofont with arg. spec. 'O{}m' on line 51.
.................................................
.................................................
. LaTeX info: "xparse/define-command"
. 
. Defining document command \setmathrm with arg. spec. 'O{}m' on line 59.
.................................................
.................................................
. LaTeX info: "xparse/define-command"
. 
. Defining document command \setboldmathrm with arg. spec. 'O{}m' on line 62.
.................................................
.................................................
. LaTeX info: "xparse/define-command"
. 
. Defining document command \setmathsf with arg. spec. 'O{}m' on line 65.
.................................................
.................................................
. LaTeX info: "xparse/define-command"
. 
. Defining document command \setmathtt with arg. spec. 'O{}m' on line 68.
.................................................
.................................................
. LaTeX info: "xparse/define-command"
. 
. Defining document command \newfontfamily with arg. spec. 'mO{}m' on line 84.
.................................................
.................................................
. LaTeX info: "xparse/define-command"
. 
. Defining document command \newfontface with arg. spec. 'mO{}m' on line 87.
.................................................
.................................................
. LaTeX info: "xparse/define-command"
. 
. Defining document command \defaultfontfeatures with arg. spec. 'm' on line
. 91.
.................................................
.................................................
. LaTeX info: "xparse/define-command"
. 
. Defining document command \addfontfeatures with arg. spec. 'm' on line 107.
.................................................
.................................................
. LaTeX info: "xparse/define-command"
. 
. Defining document command \newfontfeature with arg. spec. 'mm' on line 118.
.................................................
.................................................
. LaTeX info: "xparse/define-command"
. 
. Defining document command \newAATfeature with arg. spec. 'mmmm' on line 125.
.................................................
.................................................
. LaTeX info: "xparse/define-command"
. 
. Defining document command \newICUfeature with arg. spec. 'mmm' on line 132.
.................................................
.................................................
. LaTeX info: "xparse/define-command"
. 
. Defining document command \aliasfontfeature with arg. spec. 'mm' on line
. 159.
.................................................
.................................................
. LaTeX info: "xparse/define-command"
. 
. Defining document command \aliasfontfeatureoption with arg. spec. 'mmm' on
. line 164.
.................................................
.................................................
. LaTeX info: "xparse/define-command"
. 
. Defining document command \newfontscript with arg. spec. 'mm' on line 169.
.................................................
.................................................
. LaTeX info: "xparse/define-command"
. 
. Defining document command \newfontlanguage with arg. spec. 'mm' on line 192.
.................................................
.................................................
. LaTeX info: "xparse/define-command"
. 
. Defining document command \DeclareFontsExtensions with arg. spec. 'm' on
. line 211.
.................................................
Variant \prop_gput:cnV already defined; not changing it on line 485
Variant \prop_gput:cnx already defined; not changing it on line 486
\l_fontspec_tmp_int=\count188
LaTeX Info: Redefining \itshape on input line 1893.
LaTeX Info: Redefining \slshape on input line 1897.
LaTeX Info: Redefining \scshape on input line 1901.
LaTeX Info: Redefining \upshape on input line 1905.

(e:/texlive/texmf-dist/tex/latex/fontspec/fontspec.cfg)))
(e:/texlive/texmf-dist/tex/latex/bidi/bidi.sty
Package: bidi 2012/06/05 v11.157 Bidirectional typesetting in plain TeX and LaT
eX

bidi package (Support for bidirectional typesetting in plain TeX and LaTeX)
 Description: A convenient interface for typesetting bidirectional
 texts in plain TeX and LaTeX. The package includes adaptations for use
 with many other commonly-used packages.
 Copyright © 2009–2012 Vafa Khalighi
 v11.157, 2012/06/05
 License: LaTeX Project Public License, version 1.3c or higher (your choice)
 Location on CTAN: /macros/latex/contrib/bidi
(e:/texlive/texmf-dist/tex/generic/iftex/iftex.sty
Package: iftex 2010/07/25 v0.2 Provides if(tex) conditional for PDFTeX, XeTeX, 
and LuaTeX
)
(e:/texlive/texmf-dist/tex/latex/bidi/biditools.sty
Package: biditools 2012/05/01 v0.1 Programming tools for bidi package
)
(e:/texlive/texmf-dist/tex/latex/bidi/xetex-bidi.def
File: xetex-bidi.def 2012/05/01 v1.0.3 bidi adaptations for XeTeX engine
\bidi@n@everypar=\toks25

(e:/texlive/texmf-dist/tex/latex/bidi/footnote-xetex-bidi.def
File: footnote-xetex-bidi.def 2010/07/25 v0.5 bidi footnote macros for XeTeX en
gine
)
(e:/texlive/texmf-dist/tex/latex/bidi/article-xetex-bidi.def
File: article-xetex-bidi.def 2010/07/25 v0.4 bidi adaptations for standard arti
cle class for XeTeX engine
)
(e:/texlive/texmf-dist/tex/latex/bidi/amsmath-xetex-bidi.def
File: amsmath-xetex-bidi.def 2012/04/20 v0.3 bidi adaptations for amsmath packa
ge for XeTeX engine
LaTeX Info: Redefining \[ on input line 29.
LaTeX Info: Redefining \] on input line 30.
)
(e:/texlive/texmf-dist/tex/latex/bidi/color-xetex-bidi.def
File: color-xetex-bidi.def 2010/07/25 v0.1 bidi adaptations for color package f
or XeTeX engine
LaTeX Info: Redefining \color on input line 24.
)
(e:/texlive/texmf-dist/tex/latex/bidi/graphicx-xetex-bidi.def
File: graphicx-xetex-bidi.def 2012/01/01 v0.4 bidi adaptations for graphicx pac
kage for XeTeX engine
)
(e:/texlive/texmf-dist/tex/latex/bidi/titlesec-xetex-bidi.def
File: titlesec-xetex-bidi.def 2010/07/25 v0.1 bidi adaptations for titlesec pac
kage for XeTeX engine
)
(e:/texlive/texmf-dist/tex/latex/bidi/array-xetex-bidi.def
File: array-xetex-bidi.def 2010/08/01 v0.2b bidi adaptations for array package 
for XeTeX engine
))
(e:/texlive/texmf-dist/tex/latex/bidi/loadingorder-bidi.def
File: loadingorder-bidi.def 2012/01/01 v0.8a making sure that bidi is the last 
package loaded
)))
\g_fontspec_family_Arabic Typesetting_int=\count189
.................................................
. fontspec info: "no-font-shape"
. 
. Could not resolve font Arabic Typesetting/B (it probably doesn't exist).
.................................................
.................................................
. fontspec info: "no-font-shape"
. 
. Could not resolve font Arabic Typesetting/I (it probably doesn't exist).
.................................................
.................................................
. fontspec info: "no-font-shape"
. 
. Could not resolve font Arabic Typesetting/BI (it probably doesn't exist).
.................................................
.................................................
. fontspec info: "defining-font"
. 
. Font family 'ArabicTypesetting(0)' created for font 'Arabic Typesetting'
. with options [Script=Arabic].
. 
. This font family consists of the following shapes:
. 
. * 'normal' with NFSS spec.:
. <->"Arabic Typesetting/ICU:script=arab;language=DFLT;"
.................................................
\g_fontspec_family_Droid Arabic Naskh_int=\count190
.................................................
. fontspec info: "no-font-shape"
. 
. Could not resolve font Droid Arabic Naskh/I (it probably doesn't exist).
.................................................
.................................................
. fontspec info: "defining-font"
. 
. Font family 'DroidArabicNaskh(0)' created for font 'Droid Arabic Naskh' with
. options [Script=Arabic,Language=Urdu].
. 
. This font family consists of the following shapes:
. 
. * 'normal' with NFSS spec.:
. <->"Droid Arabic Naskh/ICU:script=arab;language=URD;"
. 
. * 'bold' with NFSS spec.:
. <->"Droid Arabic Naskh/B/ICU:script=arab;language=URD;"
. 
. * 'bold italic' with NFSS spec.:
. <->"Droid Arabic Naskh/BI/ICU:script=arab;language=URD;"
.................................................
\g_fontspec_family_Gentium Plus_int=\count191
.................................................
. fontspec info: "no-font-shape"
. 
. Could not resolve font Gentium Plus/B (it probably doesn't exist).
.................................................
.................................................
. fontspec info: "defining-font"
. 
. Font family 'GentiumPlus(0)' created for font 'Gentium Plus' with options
. [].
. 
. This font family consists of the following shapes:
. 
. * 'normal' with NFSS spec.:
. <->"Gentium Plus/ICU:script=latn;language=DFLT;"
. 
. * 'small caps' with NFSS spec.:
. <->"Gentium Plus/ICU:script=latn;language=DFLT;+smcp;"
. 
. * 'italic' with NFSS spec.:
. <->"Gentium Plus/I/ICU:script=latn;language=DFLT;"
. 
. * 'italic small caps' with NFSS spec.:
. <->"Gentium Plus/I/ICU:script=latn;language=DFLT;+smcp;"
. 
. * 'bold italic' with NFSS spec.:
. <->"Gentium Plus/BI/ICU:script=latn;language=DFLT;"
. 
. * 'bold italic small caps' with NFSS spec.:
. <->"Gentium Plus/BI/ICU:script=latn;language=DFLT;+smcp;"
.................................................

(./mollana-cheatsheet.aux)
\openout1 = `mollana-cheatsheet.aux'.

LaTeX Font Info:    Checking defaults for OML/cmm/m/it on input line 15.
LaTeX Font Info:    ... okay on input line 15.
LaTeX Font Info:    Checking defaults for T1/cmr/m/n on input line 15.
LaTeX Font Info:    ... okay on input line 15.
LaTeX Font Info:    Checking defaults for OT1/cmr/m/n on input line 15.
LaTeX Font Info:    ... okay on input line 15.
LaTeX Font Info:    Checking defaults for OMS/cmsy/m/n on input line 15.
LaTeX Font Info:    ... okay on input line 15.
LaTeX Font Info:    Checking defaults for OMX/cmex/m/n on input line 15.
LaTeX Font Info:    ... okay on input line 15.
LaTeX Font Info:    Checking defaults for U/cmr/m/n on input line 15.
LaTeX Font Info:    ... okay on input line 15.
LaTeX Font Info:    Checking defaults for EU1/lmr/m/n on input line 15.
LaTeX Font Info:    ... okay on input line 15.
LaTeX Font Info:    Checking defaults for T3/cmr/m/n on input line 15.
LaTeX Font Info:    Try loading font information for T3+cmr on input line 15.
 (e:/texlive/texmf-dist/tex/latex/tipa/t3cmr.fd
File: t3cmr.fd 2001/12/31 TIPA font definitions
)
LaTeX Font Info:    ... okay on input line 15.

*geometry* driver: auto-detecting
*geometry* detected driver: xetex
*geometry* verbose mode - [ preamble ] result:
* driver: xetex
* paper: a4paper
* layout: <same size as paper>
* layoutoffset:(h,v)=(0.0pt,0.0pt)
* modes: 
* h-part:(L,W,R)=(36.135pt, 525.23788pt, 36.135pt)
* v-part:(T,H,B)=(36.135pt, 772.77686pt, 36.135pt)
* \paperwidth=597.50787pt
* \paperheight=845.04684pt
* \textwidth=525.23788pt
* \textheight=772.77686pt
* \oddsidemargin=-36.135pt
* \evensidemargin=-36.135pt
* \topmargin=-73.135pt
* \headheight=12.0pt
* \headsep=25.0pt
* \topskip=10.0pt
* \footskip=30.0pt
* \marginparwidth=65.0pt
* \marginparsep=11.0pt
* \columnsep=10.0pt
* \skip\footins=9.0pt plus 4.0pt minus 2.0pt
* \hoffset=0.0pt
* \voffset=0.0pt
* \mag=1000
* \@twocolumnfalse
* \@twosidefalse
* \@mparswitchfalse
* \@reversemarginfalse
* (1in=72.27pt=25.4mm, 1cm=28.453pt)

.................................................
. fontspec info: "setup-math"
. 
. Adjusting the maths setup (use [no-math] to avoid this).
.................................................
\symlegacymaths=\mathgroup4
LaTeX Font Info:    Overwriting symbol font `legacymaths' in version `bold'
(Font)                  OT1/cmr/m/n --> OT1/cmr/bx/n on input line 15.
LaTeX Font Info:    Redeclaring math accent \acute on input line 15.
LaTeX Font Info:    Redeclaring math accent \grave on input line 15.
LaTeX Font Info:    Redeclaring math accent \ddot on input line 15.
LaTeX Font Info:    Redeclaring math accent \tilde on input line 15.
LaTeX Font Info:    Redeclaring math accent \bar on input line 15.
LaTeX Font Info:    Redeclaring math accent \breve on input line 15.
LaTeX Font Info:    Redeclaring math accent \check on input line 15.
LaTeX Font Info:    Redeclaring math accent \hat on input line 15.
LaTeX Font Info:    Redeclaring math accent \dot on input line 15.
LaTeX Font Info:    Redeclaring math accent \mathring on input line 15.
LaTeX Font Info:    Redeclaring math symbol \Gamma on input line 15.
LaTeX Font Info:    Redeclaring math symbol \Delta on input line 15.
LaTeX Font Info:    Redeclaring math symbol \Theta on input line 15.
LaTeX Font Info:    Redeclaring math symbol \Lambda on input line 15.
LaTeX Font Info:    Redeclaring math symbol \Xi on input line 15.
LaTeX Font Info:    Redeclaring math symbol \Pi on input line 15.
LaTeX Font Info:    Redeclaring math symbol \Sigma on input line 15.
LaTeX Font Info:    Redeclaring math symbol \Upsilon on input line 15.
LaTeX Font Info:    Redeclaring math symbol \Phi on input line 15.
LaTeX Font Info:    Redeclaring math symbol \Psi on input line 15.
LaTeX Font Info:    Redeclaring math symbol \Omega on input line 15.
LaTeX Font Info:    Redeclaring math symbol \mathdollar on input line 15.
LaTeX Font Info:    Redeclaring symbol font `operators' on input line 15.
LaTeX Font Info:    Encoding `OT1' has changed to `EU1' for symbol font
(Font)              `operators' in the math version `normal' on input line 15.
LaTeX Font Info:    Overwriting symbol font `operators' in version `normal'
(Font)                  OT1/cmr/m/n --> EU1/GentiumPlus(0)/m/n on input line 15
.
LaTeX Font Info:    Encoding `OT1' has changed to `EU1' for symbol font
(Font)              `operators' in the math version `bold' on input line 15.
LaTeX Font Info:    Overwriting symbol font `operators' in version `bold'
(Font)                  OT1/cmr/bx/n --> EU1/GentiumPlus(0)/m/n on input line 1
5.
LaTeX Font Info:    Overwriting symbol font `operators' in version `normal'
(Font)                  EU1/GentiumPlus(0)/m/n --> EU1/GentiumPlus(0)/m/n on in
put line 15.
LaTeX Font Info:    Overwriting math alphabet `\mathrm' in version `normal'
(Font)                  EU1/GentiumPlus(0)/m/n --> EU1/GentiumPlus(0)/m/n on in
put line 15.
LaTeX Font Info:    Overwriting math alphabet `\mathit' in version `normal'
(Font)                  OT1/cmr/m/it --> EU1/GentiumPlus(0)/m/it on input line 
15.
LaTeX Font Info:    Overwriting math alphabet `\mathbf' in version `normal'
(Font)                  OT1/cmr/bx/n --> EU1/GentiumPlus(0)/bx/n on input line 
15.
LaTeX Font Info:    Overwriting math alphabet `\mathsf' in version `normal'
(Font)                  OT1/cmss/m/n --> EU1/lmss/m/n on input line 15.
LaTeX Font Info:    Overwriting math alphabet `\mathtt' in version `normal'
(Font)                  OT1/cmtt/m/n --> EU1/lmtt/m/n on input line 15.
LaTeX Font Info:    Overwriting symbol font `operators' in version `bold'
(Font)                  EU1/GentiumPlus(0)/m/n --> EU1/GentiumPlus(0)/bx/n on i
nput line 15.
LaTeX Font Info:    Overwriting math alphabet `\mathrm' in version `bold'
(Font)                  EU1/GentiumPlus(0)/m/n --> EU1/GentiumPlus(0)/bx/n on i
nput line 15.
LaTeX Font Info:    Overwriting math alphabet `\mathit' in version `bold'
(Font)                  OT1/cmr/bx/it --> EU1/GentiumPlus(0)/bx/it on input lin
e 15.
LaTeX Font Info:    Overwriting math alphabet `\mathsf' in version `bold'
(Font)                  OT1/cmss/bx/n --> EU1/lmss/bx/n on input line 15.
LaTeX Font Info:    Overwriting math alphabet `\mathtt' in version `bold'
(Font)                  OT1/cmtt/m/n --> EU1/lmtt/bx/n on input line 15.

LaTeX Font Warning: Font shape `EU1/GentiumPlus(0)/bx/n' undefined
(Font)              using `EU1/GentiumPlus(0)/m/n' instead on input line 17.

.................................................
. fontspec info: "no-font-shape"
. 
. Could not resolve font Droid Arabic Naskh/I (it probably doesn't exist).
.................................................
.................................................
. fontspec info: "defining-font"
. 
. Font family 'DroidArabicNaskh(1)' created for font 'Droid Arabic Naskh' with
. options
. [Script=Arabic,Language=Urdu,Mapping=arabtex-fdf2alif-urdu-novoc,Language=Urd
u].
. 
. This font family consists of the following shapes:
. 
. * 'normal' with NFSS spec.:
. <->"Droid Arabic
. Naskh/ICU:script=arab;language=URD;mapping=arabtex-fdf2alif-urdu-novoc;"
. 
. * 'bold' with NFSS spec.:
. <->"Droid Arabic
. Naskh/B/ICU:script=arab;language=URD;mapping=arabtex-fdf2alif-urdu-novoc;"
. 
. * 'bold italic' with NFSS spec.:
. <->"Droid Arabic
. Naskh/BI/ICU:script=arab;language=URD;mapping=arabtex-fdf2alif-urdu-novoc;"
.................................................
.................................................
. fontspec info: "defining-font"
. 
. Font family 'DroidArabicNaskh(1)' created for font 'Droid Arabic Naskh' with
. options
. [Script=Arabic,Language=Urdu,Mapping=arabtex-fdf2alif-urdu-novoc,Language=Urd
u].
. 
. This font family consists of the following shapes:
.................................................
.................................................
. fontspec info: "defining-font"
. 
. Font family 'DroidArabicNaskh(1)' created for font 'Droid Arabic Naskh' with
. options
. [Script=Arabic,Language=Urdu,Mapping=arabtex-fdf2alif-urdu-novoc,Language=Urd
u].
. 
. This font family consists of the following shapes:
.................................................
.................................................
. fontspec info: "defining-font"
. 
. Font family 'DroidArabicNaskh(1)' created for font 'Droid Arabic Naskh' with
. options
. [Script=Arabic,Language=Urdu,Mapping=arabtex-fdf2alif-urdu-novoc,Language=Urd
u].
. 
. This font family consists of the following shapes:
.................................................
.................................................
. fontspec info: "defining-font"
. 
. Font family 'DroidArabicNaskh(1)' created for font 'Droid Arabic Naskh' with
. options
. [Script=Arabic,Language=Urdu,Mapping=arabtex-fdf2alif-urdu-novoc,Language=Urd
u].
. 
. This font family consists of the following shapes:
.................................................
.................................................
. fontspec info: "defining-font"
. 
. Font family 'DroidArabicNaskh(1)' created for font 'Droid Arabic Naskh' with
. options
. [Script=Arabic,Language=Urdu,Mapping=arabtex-fdf2alif-urdu-novoc,Language=Urd
u].
. 
. This font family consists of the following shapes:
.................................................
.................................................
. fontspec info: "defining-font"
. 
. Font family 'DroidArabicNaskh(1)' created for font 'Droid Arabic Naskh' with
. options
. [Script=Arabic,Language=Urdu,Mapping=arabtex-fdf2alif-urdu-novoc,Language=Urd
u].
. 
. This font family consists of the following shapes:
.................................................
.................................................
. fontspec info: "defining-font"
. 
. Font family 'DroidArabicNaskh(1)' created for font 'Droid Arabic Naskh' with
. options
. [Script=Arabic,Language=Urdu,Mapping=arabtex-fdf2alif-urdu-novoc,Language=Urd
u].
. 
. This font family consists of the following shapes:
.................................................
.................................................
. fontspec info: "defining-font"
. 
. Font family 'DroidArabicNaskh(1)' created for font 'Droid Arabic Naskh' with
. options
. [Script=Arabic,Language=Urdu,Mapping=arabtex-fdf2alif-urdu-novoc,Language=Urd
u].
. 
. This font family consists of the following shapes:
.................................................
.................................................
. fontspec info: "defining-font"
. 
. Font family 'DroidArabicNaskh(1)' created for font 'Droid Arabic Naskh' with
. options
. [Script=Arabic,Language=Urdu,Mapping=arabtex-fdf2alif-urdu-novoc,Language=Urd
u].
. 
. This font family consists of the following shapes:
.................................................
.................................................
. fontspec info: "defining-font"
. 
. Font family 'DroidArabicNaskh(1)' created for font 'Droid Arabic Naskh' with
. options
. [Script=Arabic,Language=Urdu,Mapping=arabtex-fdf2alif-urdu-novoc,Language=Urd
u].
. 
. This font family consists of the following shapes:
.................................................
.................................................
. fontspec info: "defining-font"
. 
. Font family 'DroidArabicNaskh(1)' created for font 'Droid Arabic Naskh' with
. options
. [Script=Arabic,Language=Urdu,Mapping=arabtex-fdf2alif-urdu-novoc,Language=Urd
u].
. 
. This font family consists of the following shapes:
.................................................
.................................................
. fontspec info: "defining-font"
. 
. Font family 'DroidArabicNaskh(1)' created for font 'Droid Arabic Naskh' with
. options
. [Script=Arabic,Language=Urdu,Mapping=arabtex-fdf2alif-urdu-novoc,Language=Urd
u].
. 
. This font family consists of the following shapes:
.................................................
.................................................
. fontspec info: "defining-font"
. 
. Font family 'DroidArabicNaskh(1)' created for font 'Droid Arabic Naskh' with
. options
. [Script=Arabic,Language=Urdu,Mapping=arabtex-fdf2alif-urdu-novoc,Language=Urd
u].
. 
. This font family consists of the following shapes:
.................................................
.................................................
. fontspec info: "defining-font"
. 
. Font family 'DroidArabicNaskh(1)' created for font 'Droid Arabic Naskh' with
. options
. [Script=Arabic,Language=Urdu,Mapping=arabtex-fdf2alif-urdu-novoc,Language=Urd
u].
. 
. This font family consists of the following shapes:
.................................................
.................................................
. fontspec info: "defining-font"
. 
. Font family 'DroidArabicNaskh(1)' created for font 'Droid Arabic Naskh' with
. options
. [Script=Arabic,Language=Urdu,Mapping=arabtex-fdf2alif-urdu-novoc,Language=Urd
u].
. 
. This font family consists of the following shapes:
.................................................
.................................................
. fontspec info: "defining-font"
. 
. Font family 'DroidArabicNaskh(1)' created for font 'Droid Arabic Naskh' with
. options
. [Script=Arabic,Language=Urdu,Mapping=arabtex-fdf2alif-urdu-novoc,Language=Urd
u].
. 
. This font family consists of the following shapes:
.................................................
.................................................
. fontspec info: "defining-font"
. 
. Font family 'DroidArabicNaskh(1)' created for font 'Droid Arabic Naskh' with
. options
. [Script=Arabic,Language=Urdu,Mapping=arabtex-fdf2alif-urdu-novoc,Language=Urd
u].
. 
. This font family consists of the following shapes:
.................................................
.................................................
. fontspec info: "defining-font"
. 
. Font family 'DroidArabicNaskh(1)' created for font 'Droid Arabic Naskh' with
. options
. [Script=Arabic,Language=Urdu,Mapping=arabtex-fdf2alif-urdu-novoc,Language=Urd
u].
. 
. This font family consists of the following shapes:
.................................................
.................................................
. fontspec info: "defining-font"
. 
. Font family 'DroidArabicNaskh(1)' created for font 'Droid Arabic Naskh' with
. options
. [Script=Arabic,Language=Urdu,Mapping=arabtex-fdf2alif-urdu-novoc,Language=Urd
u].
. 
. This font family consists of the following shapes:
.................................................
.................................................
. fontspec info: "defining-font"
. 
. Font family 'DroidArabicNaskh(1)' created for font 'Droid Arabic Naskh' with
. options
. [Script=Arabic,Language=Urdu,Mapping=arabtex-fdf2alif-urdu-novoc,Language=Urd
u].
. 
. This font family consists of the following shapes:
.................................................
.................................................
. fontspec info: "defining-font"
. 
. Font family 'DroidArabicNaskh(1)' created for font 'Droid Arabic Naskh' with
. options
. [Script=Arabic,Language=Urdu,Mapping=arabtex-fdf2alif-urdu-novoc,Language=Urd
u].
. 
. This font family consists of the following shapes:
.................................................
.................................................
. fontspec info: "defining-font"
. 
. Font family 'DroidArabicNaskh(1)' created for font 'Droid Arabic Naskh' with
. options
. [Script=Arabic,Language=Urdu,Mapping=arabtex-fdf2alif-urdu-novoc,Language=Urd
u].
. 
. This font family consists of the following shapes:
.................................................
.................................................
. fontspec info: "defining-font"
. 
. Font family 'DroidArabicNaskh(1)' created for font 'Droid Arabic Naskh' with
. options
. [Script=Arabic,Language=Urdu,Mapping=arabtex-fdf2alif-urdu-novoc,Language=Urd
u].
. 
. This font family consists of the following shapes:
.................................................
.................................................
. fontspec info: "defining-font"
. 
. Font family 'DroidArabicNaskh(1)' created for font 'Droid Arabic Naskh' with
. options
. [Script=Arabic,Language=Urdu,Mapping=arabtex-fdf2alif-urdu-novoc,Language=Urd
u].
. 
. This font family consists of the following shapes:
.................................................
.................................................
. fontspec info: "defining-font"
. 
. Font family 'DroidArabicNaskh(1)' created for font 'Droid Arabic Naskh' with
. options
. [Script=Arabic,Language=Urdu,Mapping=arabtex-fdf2alif-urdu-novoc,Language=Urd
u].
. 
. This font family consists of the following shapes:
.................................................
.................................................
. fontspec info: "defining-font"
. 
. Font family 'DroidArabicNaskh(1)' created for font 'Droid Arabic Naskh' with
. options
. [Script=Arabic,Language=Urdu,Mapping=arabtex-fdf2alif-urdu-novoc,Language=Urd
u].
. 
. This font family consists of the following shapes:
.................................................
.................................................
. fontspec info: "defining-font"
. 
. Font family 'DroidArabicNaskh(1)' created for font 'Droid Arabic Naskh' with
. options
. [Script=Arabic,Language=Urdu,Mapping=arabtex-fdf2alif-urdu-novoc,Language=Urd
u].
. 
. This font family consists of the following shapes:
.................................................
.................................................
. fontspec info: "defining-font"
. 
. Font family 'DroidArabicNaskh(1)' created for font 'Droid Arabic Naskh' with
. options
. [Script=Arabic,Language=Urdu,Mapping=arabtex-fdf2alif-urdu-novoc,Language=Urd
u].
. 
. This font family consists of the following shapes:
.................................................
.................................................
. fontspec info: "defining-font"
. 
. Font family 'DroidArabicNaskh(1)' created for font 'Droid Arabic Naskh' with
. options
. [Script=Arabic,Language=Urdu,Mapping=arabtex-fdf2alif-urdu-novoc,Language=Urd
u].
. 
. This font family consists of the following shapes:
.................................................
.................................................
. fontspec info: "defining-font"
. 
. Font family 'DroidArabicNaskh(1)' created for font 'Droid Arabic Naskh' with
. options
. [Script=Arabic,Language=Urdu,Mapping=arabtex-fdf2alif-urdu-novoc,Language=Urd
u].
. 
. This font family consists of the following shapes:
.................................................
.................................................
. fontspec info: "defining-font"
. 
. Font family 'DroidArabicNaskh(1)' created for font 'Droid Arabic Naskh' with
. options
. [Script=Arabic,Language=Urdu,Mapping=arabtex-fdf2alif-urdu-novoc,Language=Urd
u].
. 
. This font family consists of the following shapes:
.................................................
.................................................
. fontspec info: "defining-font"
. 
. Font family 'DroidArabicNaskh(1)' created for font 'Droid Arabic Naskh' with
. options
. [Script=Arabic,Language=Urdu,Mapping=arabtex-fdf2alif-urdu-novoc,Language=Urd
u].
. 
. This font family consists of the following shapes:
.................................................
.................................................
. fontspec info: "defining-font"
. 
. Font family 'DroidArabicNaskh(1)' created for font 'Droid Arabic Naskh' with
. options
. [Script=Arabic,Language=Urdu,Mapping=arabtex-fdf2alif-urdu-novoc,Language=Urd
u].
. 
. This font family consists of the following shapes:
.................................................
.................................................
. fontspec info: "defining-font"
. 
. Font family 'DroidArabicNaskh(1)' created for font 'Droid Arabic Naskh' with
. options
. [Script=Arabic,Language=Urdu,Mapping=arabtex-fdf2alif-urdu-novoc,Language=Urd
u].
. 
. This font family consists of the following shapes:
.................................................
.................................................
. fontspec info: "defining-font"
. 
. Font family 'DroidArabicNaskh(1)' created for font 'Droid Arabic Naskh' with
. options
. [Script=Arabic,Language=Urdu,Mapping=arabtex-fdf2alif-urdu-novoc,Language=Urd
u].
. 
. This font family consists of the following shapes:
.................................................
.................................................
. fontspec info: "defining-font"
. 
. Font family 'DroidArabicNaskh(1)' created for font 'Droid Arabic Naskh' with
. options
. [Script=Arabic,Language=Urdu,Mapping=arabtex-fdf2alif-urdu-novoc,Language=Urd
u].
. 
. This font family consists of the following shapes:
.................................................
.................................................
. fontspec info: "defining-font"
. 
. Font family 'DroidArabicNaskh(1)' created for font 'Droid Arabic Naskh' with
. options
. [Script=Arabic,Language=Urdu,Mapping=arabtex-fdf2alif-urdu-novoc,Language=Urd
u].
. 
. This font family consists of the following shapes:
.................................................
.................................................
. fontspec info: "defining-font"
. 
. Font family 'DroidArabicNaskh(1)' created for font 'Droid Arabic Naskh' with
. options
. [Script=Arabic,Language=Urdu,Mapping=arabtex-fdf2alif-urdu-novoc,Language=Urd
u].
. 
. This font family consists of the following shapes:
.................................................
.................................................
. fontspec info: "defining-font"
. 
. Font family 'DroidArabicNaskh(1)' created for font 'Droid Arabic Naskh' with
. options
. [Script=Arabic,Language=Urdu,Mapping=arabtex-fdf2alif-urdu-novoc,Language=Urd
u].
. 
. This font family consists of the following shapes:
.................................................
.................................................
. fontspec info: "defining-font"
. 
. Font family 'DroidArabicNaskh(1)' created for font 'Droid Arabic Naskh' with
. options
. [Script=Arabic,Language=Urdu,Mapping=arabtex-fdf2alif-urdu-novoc,Language=Urd
u].
. 
. This font family consists of the following shapes:
.................................................
.................................................
. fontspec info: "defining-font"
. 
. Font family 'DroidArabicNaskh(1)' created for font 'Droid Arabic Naskh' with
. options
. [Script=Arabic,Language=Urdu,Mapping=arabtex-fdf2alif-urdu-novoc,Language=Urd
u].
. 
. This font family consists of the following shapes:
.................................................
.................................................
. fontspec info: "defining-font"
. 
. Font family 'DroidArabicNaskh(1)' created for font 'Droid Arabic Naskh' with
. options
. [Script=Arabic,Language=Urdu,Mapping=arabtex-fdf2alif-urdu-novoc,Language=Urd
u].
. 
. This font family consists of the following shapes:
.................................................
.................................................
. fontspec info: "defining-font"
. 
. Font family 'DroidArabicNaskh(1)' created for font 'Droid Arabic Naskh' with
. options
. [Script=Arabic,Language=Urdu,Mapping=arabtex-fdf2alif-urdu-novoc,Language=Urd
u].
. 
. This font family consists of the following shapes:
.................................................
.................................................
. fontspec info: "defining-font"
. 
. Font family 'DroidArabicNaskh(1)' created for font 'Droid Arabic Naskh' with
. options
. [Script=Arabic,Language=Urdu,Mapping=arabtex-fdf2alif-urdu-novoc,Language=Urd
u].
. 
. This font family consists of the following shapes:
.................................................
.................................................
. fontspec info: "defining-font"
. 
. Font family 'DroidArabicNaskh(1)' created for font 'Droid Arabic Naskh' with
. options
. [Script=Arabic,Language=Urdu,Mapping=arabtex-fdf2alif-urdu-novoc,Language=Urd
u].
. 
. This font family consists of the following shapes:
.................................................
.................................................
. fontspec info: "defining-font"
. 
. Font family 'DroidArabicNaskh(1)' created for font 'Droid Arabic Naskh' with
. options
. [Script=Arabic,Language=Urdu,Mapping=arabtex-fdf2alif-urdu-novoc,Language=Urd
u].
. 
. This font family consists of the following shapes:
.................................................
.................................................
. fontspec info: "defining-font"
. 
. Font family 'DroidArabicNaskh(1)' created for font 'Droid Arabic Naskh' with
. options
. [Script=Arabic,Language=Urdu,Mapping=arabtex-fdf2alif-urdu-novoc,Language=Urd
u].
. 
. This font family consists of the following shapes:
.................................................
.................................................
. fontspec info: "defining-font"
. 
. Font family 'DroidArabicNaskh(1)' created for font 'Droid Arabic Naskh' with
. options
. [Script=Arabic,Language=Urdu,Mapping=arabtex-fdf2alif-urdu-novoc,Language=Urd
u].
. 
. This font family consists of the following shapes:
.................................................
.................................................
. fontspec info: "defining-font"
. 
. Font family 'DroidArabicNaskh(1)' created for font 'Droid Arabic Naskh' with
. options
. [Script=Arabic,Language=Urdu,Mapping=arabtex-fdf2alif-urdu-novoc,Language=Urd
u].
. 
. This font family consists of the following shapes:
.................................................
.................................................
. fontspec info: "defining-font"
. 
. Font family 'DroidArabicNaskh(1)' created for font 'Droid Arabic Naskh' with
. options
. [Script=Arabic,Language=Urdu,Mapping=arabtex-fdf2alif-urdu-novoc,Language=Urd
u].
. 
. This font family consists of the following shapes:
.................................................
.................................................
. fontspec info: "defining-font"
. 
. Font family 'DroidArabicNaskh(1)' created for font 'Droid Arabic Naskh' with
. options
. [Script=Arabic,Language=Urdu,Mapping=arabtex-fdf2alif-urdu-novoc,Language=Urd
u].
. 
. This font family consists of the following shapes:
.................................................
.................................................
. fontspec info: "defining-font"
. 
. Font family 'DroidArabicNaskh(1)' created for font 'Droid Arabic Naskh' with
. options
. [Script=Arabic,Language=Urdu,Mapping=arabtex-fdf2alif-urdu-novoc,Language=Urd
u].
. 
. This font family consists of the following shapes:
.................................................
.................................................
. fontspec info: "defining-font"
. 
. Font family 'DroidArabicNaskh(1)' created for font 'Droid Arabic Naskh' with
. options
. [Script=Arabic,Language=Urdu,Mapping=arabtex-fdf2alif-urdu-novoc,Language=Urd
u].
. 
. This font family consists of the following shapes:
.................................................
.................................................
. fontspec info: "defining-font"
. 
. Font family 'DroidArabicNaskh(1)' created for font 'Droid Arabic Naskh' with
. options
. [Script=Arabic,Language=Urdu,Mapping=arabtex-fdf2alif-urdu-novoc,Language=Urd
u].
. 
. This font family consists of the following shapes:
.................................................
.................................................
. fontspec info: "defining-font"
. 
. Font family 'DroidArabicNaskh(1)' created for font 'Droid Arabic Naskh' with
. options
. [Script=Arabic,Language=Urdu,Mapping=arabtex-fdf2alif-urdu-novoc,Language=Urd
u].
. 
. This font family consists of the following shapes:
.................................................
.................................................
. fontspec info: "defining-font"
. 
. Font family 'DroidArabicNaskh(1)' created for font 'Droid Arabic Naskh' with
. options
. [Script=Arabic,Language=Urdu,Mapping=arabtex-fdf2alif-urdu-novoc,Language=Urd
u].
. 
. This font family consists of the following shapes:
.................................................
.................................................
. fontspec info: "defining-font"
. 
. Font family 'DroidArabicNaskh(1)' created for font 'Droid Arabic Naskh' with
. options
. [Script=Arabic,Language=Urdu,Mapping=arabtex-fdf2alif-urdu-novoc,Language=Urd
u].
. 
. This font family consists of the following shapes:
.................................................
.................................................
. fontspec info: "defining-font"
. 
. Font family 'DroidArabicNaskh(1)' created for font 'Droid Arabic Naskh' with
. options
. [Script=Arabic,Language=Urdu,Mapping=arabtex-fdf2alif-urdu-novoc,Language=Urd
u].
. 
. This font family consists of the following shapes:
.................................................
.................................................
. fontspec info: "defining-font"
. 
. Font family 'DroidArabicNaskh(1)' created for font 'Droid Arabic Naskh' with
. options
. [Script=Arabic,Language=Urdu,Mapping=arabtex-fdf2alif-urdu-novoc,Language=Urd
u].
. 
. This font family consists of the following shapes:
.................................................
.................................................
. fontspec info: "defining-font"
. 
. Font family 'DroidArabicNaskh(1)' created for font 'Droid Arabic Naskh' with
. options
. [Script=Arabic,Language=Urdu,Mapping=arabtex-fdf2alif-urdu-novoc,Language=Urd
u].
. 
. This font family consists of the following shapes:
.................................................
.................................................
. fontspec info: "defining-font"
. 
. Font family 'DroidArabicNaskh(1)' created for font 'Droid Arabic Naskh' with
. options
. [Script=Arabic,Language=Urdu,Mapping=arabtex-fdf2alif-urdu-novoc,Language=Urd
u].
. 
. This font family consists of the following shapes:
.................................................
.................................................
. fontspec info: "defining-font"
. 
. Font family 'DroidArabicNaskh(1)' created for font 'Droid Arabic Naskh' with
. options
. [Script=Arabic,Language=Urdu,Mapping=arabtex-fdf2alif-urdu-novoc,Language=Urd
u].
. 
. This font family consists of the following shapes:
.................................................
.................................................
. fontspec info: "defining-font"
. 
. Font family 'DroidArabicNaskh(1)' created for font 'Droid Arabic Naskh' with
. options
. [Script=Arabic,Language=Urdu,Mapping=arabtex-fdf2alif-urdu-novoc,Language=Urd
u].
. 
. This font family consists of the following shapes:
.................................................
.................................................
. fontspec info: "defining-font"
. 
. Font family 'DroidArabicNaskh(1)' created for font 'Droid Arabic Naskh' with
. options
. [Script=Arabic,Language=Urdu,Mapping=arabtex-fdf2alif-urdu-novoc,Language=Urd
u].
. 
. This font family consists of the following shapes:
.................................................
.................................................
. fontspec info: "defining-font"
. 
. Font family 'DroidArabicNaskh(1)' created for font 'Droid Arabic Naskh' with
. options
. [Script=Arabic,Language=Urdu,Mapping=arabtex-fdf2alif-urdu-novoc,Language=Urd
u].
. 
. This font family consists of the following shapes:
.................................................
.................................................
. fontspec info: "defining-font"
. 
. Font family 'DroidArabicNaskh(1)' created for font 'Droid Arabic Naskh' with
. options
. [Script=Arabic,Language=Urdu,Mapping=arabtex-fdf2alif-urdu-novoc,Language=Urd
u].
. 
. This font family consists of the following shapes:
.................................................
.................................................
. fontspec info: "defining-font"
. 
. Font family 'DroidArabicNaskh(1)' created for font 'Droid Arabic Naskh' with
. options
. [Script=Arabic,Language=Urdu,Mapping=arabtex-fdf2alif-urdu-novoc,Language=Urd
u].
. 
. This font family consists of the following shapes:
.................................................
.................................................
. fontspec info: "defining-font"
. 
. Font family 'DroidArabicNaskh(1)' created for font 'Droid Arabic Naskh' with
. options
. [Script=Arabic,Language=Urdu,Mapping=arabtex-fdf2alif-urdu-novoc,Language=Urd
u].
. 
. This font family consists of the following shapes:
.................................................
.................................................
. fontspec info: "defining-font"
. 
. Font family 'DroidArabicNaskh(1)' created for font 'Droid Arabic Naskh' with
. options
. [Script=Arabic,Language=Urdu,Mapping=arabtex-fdf2alif-urdu-novoc,Language=Urd
u].
. 
. This font family consists of the following shapes:
.................................................
.................................................
. fontspec info: "defining-font"
. 
. Font family 'DroidArabicNaskh(1)' created for font 'Droid Arabic Naskh' with
. options
. [Script=Arabic,Language=Urdu,Mapping=arabtex-fdf2alif-urdu-novoc,Language=Urd
u].
. 
. This font family consists of the following shapes:
.................................................
.................................................
. fontspec info: "defining-font"
. 
. Font family 'DroidArabicNaskh(1)' created for font 'Droid Arabic Naskh' with
. options
. [Script=Arabic,Language=Urdu,Mapping=arabtex-fdf2alif-urdu-novoc,Language=Urd
u].
. 
. This font family consists of the following shapes:
.................................................
.................................................
. fontspec info: "defining-font"
. 
. Font family 'DroidArabicNaskh(1)' created for font 'Droid Arabic Naskh' with
. options
. [Script=Arabic,Language=Urdu,Mapping=arabtex-fdf2alif-urdu-novoc,Language=Urd
u].
. 
. This font family consists of the following shapes:
.................................................
.................................................
. fontspec info: "defining-font"
. 
. Font family 'DroidArabicNaskh(1)' created for font 'Droid Arabic Naskh' with
. options
. [Script=Arabic,Language=Urdu,Mapping=arabtex-fdf2alif-urdu-novoc,Language=Urd
u].
. 
. This font family consists of the following shapes:
.................................................
.................................................
. fontspec info: "defining-font"
. 
. Font family 'DroidArabicNaskh(1)' created for font 'Droid Arabic Naskh' with
. options
. [Script=Arabic,Language=Urdu,Mapping=arabtex-fdf2alif-urdu-novoc,Language=Urd
u].
. 
. This font family consists of the following shapes:
.................................................
.................................................
. fontspec info: "defining-font"
. 
. Font family 'DroidArabicNaskh(1)' created for font 'Droid Arabic Naskh' with
. options
. [Script=Arabic,Language=Urdu,Mapping=arabtex-fdf2alif-urdu-novoc,Language=Urd
u].
. 
. This font family consists of the following shapes:
.................................................
.................................................
. fontspec info: "defining-font"
. 
. Font family 'DroidArabicNaskh(1)' created for font 'Droid Arabic Naskh' with
. options
. [Script=Arabic,Language=Urdu,Mapping=arabtex-fdf2alif-urdu-novoc,Language=Urd
u].
. 
. This font family consists of the following shapes:
.................................................
.................................................
. fontspec info: "defining-font"
. 
. Font family 'DroidArabicNaskh(1)' created for font 'Droid Arabic Naskh' with
. options
. [Script=Arabic,Language=Urdu,Mapping=arabtex-fdf2alif-urdu-novoc,Language=Urd
u].
. 
. This font family consists of the following shapes:
.................................................
.................................................
. fontspec info: "defining-font"
. 
. Font family 'DroidArabicNaskh(1)' created for font 'Droid Arabic Naskh' with
. options
. [Script=Arabic,Language=Urdu,Mapping=arabtex-fdf2alif-urdu-novoc,Language=Urd
u].
. 
. This font family consists of the following shapes:
.................................................
.................................................
. fontspec info: "defining-font"
. 
. Font family 'DroidArabicNaskh(1)' created for font 'Droid Arabic Naskh' with
. options
. [Script=Arabic,Language=Urdu,Mapping=arabtex-fdf2alif-urdu-novoc,Language=Urd
u].
. 
. This font family consists of the following shapes:
.................................................
.................................................
. fontspec info: "defining-font"
. 
. Font family 'DroidArabicNaskh(1)' created for font 'Droid Arabic Naskh' with
. options
. [Script=Arabic,Language=Urdu,Mapping=arabtex-fdf2alif-urdu-novoc,Language=Urd
u].
. 
. This font family consists of the following shapes:
.................................................
.................................................
. fontspec info: "defining-font"
. 
. Font family 'DroidArabicNaskh(1)' created for font 'Droid Arabic Naskh' with
. options
. [Script=Arabic,Language=Urdu,Mapping=arabtex-fdf2alif-urdu-novoc,Language=Urd
u].
. 
. This font family consists of the following shapes:
.................................................
.................................................
. fontspec info: "defining-font"
. 
. Font family 'DroidArabicNaskh(1)' created for font 'Droid Arabic Naskh' with
. options
. [Script=Arabic,Language=Urdu,Mapping=arabtex-fdf2alif-urdu-novoc,Language=Urd
u].
. 
. This font family consists of the following shapes:
.................................................
.................................................
. fontspec info: "defining-font"
. 
. Font family 'DroidArabicNaskh(1)' created for font 'Droid Arabic Naskh' with
. options
. [Script=Arabic,Language=Urdu,Mapping=arabtex-fdf2alif-urdu-novoc,Language=Urd
u].
. 
. This font family consists of the following shapes:
.................................................
.................................................
. fontspec info: "defining-font"
. 
. Font family 'DroidArabicNaskh(1)' created for font 'Droid Arabic Naskh' with
. options
. [Script=Arabic,Language=Urdu,Mapping=arabtex-fdf2alif-urdu-novoc,Language=Urd
u].
. 
. This font family consists of the following shapes:
.................................................
.................................................
. fontspec info: "defining-font"
. 
. Font family 'DroidArabicNaskh(1)' created for font 'Droid Arabic Naskh' with
. options
. [Script=Arabic,Language=Urdu,Mapping=arabtex-fdf2alif-urdu-novoc,Language=Urd
u].
. 
. This font family consists of the following shapes:
.................................................
.................................................
. fontspec info: "defining-font"
. 
. Font family 'DroidArabicNaskh(1)' created for font 'Droid Arabic Naskh' with
. options
. [Script=Arabic,Language=Urdu,Mapping=arabtex-fdf2alif-urdu-novoc,Language=Urd
u].
. 
. This font family consists of the following shapes:
.................................................
.................................................
. fontspec info: "defining-font"
. 
. Font family 'DroidArabicNaskh(1)' created for font 'Droid Arabic Naskh' with
. options
. [Script=Arabic,Language=Urdu,Mapping=arabtex-fdf2alif-urdu-novoc,Language=Urd
u].
. 
. This font family consists of the following shapes:
.................................................
.................................................
. fontspec info: "defining-font"
. 
. Font family 'DroidArabicNaskh(1)' created for font 'Droid Arabic Naskh' with
. options
. [Script=Arabic,Language=Urdu,Mapping=arabtex-fdf2alif-urdu-novoc,Language=Urd
u].
. 
. This font family consists of the following shapes:
.................................................
.................................................
. fontspec info: "defining-font"
. 
. Font family 'DroidArabicNaskh(1)' created for font 'Droid Arabic Naskh' with
. options
. [Script=Arabic,Language=Urdu,Mapping=arabtex-fdf2alif-urdu-novoc,Language=Urd
u].
. 
. This font family consists of the following shapes:
.................................................
.................................................
. fontspec info: "defining-font"
. 
. Font family 'DroidArabicNaskh(1)' created for font 'Droid Arabic Naskh' with
. options
. [Script=Arabic,Language=Urdu,Mapping=arabtex-fdf2alif-urdu-novoc,Language=Urd
u].
. 
. This font family consists of the following shapes:
.................................................
.................................................
. fontspec info: "defining-font"
. 
. Font family 'DroidArabicNaskh(1)' created for font 'Droid Arabic Naskh' with
. options
. [Script=Arabic,Language=Urdu,Mapping=arabtex-fdf2alif-urdu-novoc,Language=Urd
u].
. 
. This font family consists of the following shapes:
.................................................
.................................................
. fontspec info: "defining-font"
. 
. Font family 'DroidArabicNaskh(1)' created for font 'Droid Arabic Naskh' with
. options
. [Script=Arabic,Language=Urdu,Mapping=arabtex-fdf2alif-urdu-novoc,Language=Urd
u].
. 
. This font family consists of the following shapes:
.................................................
.................................................
. fontspec info: "defining-font"
. 
. Font family 'DroidArabicNaskh(1)' created for font 'Droid Arabic Naskh' with
. options
. [Script=Arabic,Language=Urdu,Mapping=arabtex-fdf2alif-urdu-novoc,Language=Urd
u].
. 
. This font family consists of the following shapes:
.................................................
.................................................
. fontspec info: "defining-font"
. 
. Font family 'DroidArabicNaskh(1)' created for font 'Droid Arabic Naskh' with
. options
. [Script=Arabic,Language=Urdu,Mapping=arabtex-fdf2alif-urdu-novoc,Language=Urd
u].
. 
. This font family consists of the following shapes:
.................................................
.................................................
. fontspec info: "defining-font"
. 
. Font family 'DroidArabicNaskh(1)' created for font 'Droid Arabic Naskh' with
. options
. [Script=Arabic,Language=Urdu,Mapping=arabtex-fdf2alif-urdu-novoc,Language=Urd
u].
. 
. This font family consists of the following shapes:
.................................................
[1

] (./mollana-cheatsheet.aux)

LaTeX Font Warning: Some font shapes were not available, defaults substituted.

 ) 
Here is how much of TeX's memory you used:
 15667 strings out of 494899
 327458 string characters out of 3177180
 367204 words of memory out of 3000000
 18663 multiletter control sequences out of 15000+200000
 5156 words of font info for 38 fonts, out of 3000000 for 9000
 646 hyphenation exceptions out of 8191
 46i,9n,42p,875b,391s stack positions out of 5000i,500n,10000p,200000b,50000s

Output written on mollana-cheatsheet.pdf (1 page).
